  3109_2.cpp
C:\Program Files\Microsoft Visual Studio\2022\Community\VC\Tools\MSVC\14.33.31629\include\stack(24,38): error C2825: '_Container': '::'가 뒤에 나오면 클래스 또는 네임스페이스여야 합니다.
C:\Users\shinw\source\repos\baekjoon_C++\baekjoon_C-\baekjoon_github_upload\baekjoon_github_upload\3109_2.cpp(13): message : 컴파일되는 클래스 템플릿 인스턴스화 'std::stack<int,int>'에 대한 참조를 확인하세요.
C:\Program Files\Microsoft Visual Studio\2022\Community\VC\Tools\MSVC\14.33.31629\include\stack(24,50): error C2510: '_Container': '::' 왼쪽은 클래스/구조체/공용 구조체이어야 합니다.
C:\Program Files\Microsoft Visual Studio\2022\Community\VC\Tools\MSVC\14.33.31629\include\stack(24,1): error C2061: 구문 오류: 식별자 'value_type'
C:\Program Files\Microsoft Visual Studio\2022\Community\VC\Tools\MSVC\14.33.31629\include\stack(25,38): error C2825: '_Container': '::'가 뒤에 나오면 클래스 또는 네임스페이스여야 합니다.
C:\Program Files\Microsoft Visual Studio\2022\Community\VC\Tools\MSVC\14.33.31629\include\stack(25,50): error C2510: '_Container': '::' 왼쪽은 클래스/구조체/공용 구조체이어야 합니다.
C:\Program Files\Microsoft Visual Studio\2022\Community\VC\Tools\MSVC\14.33.31629\include\stack(25,1): error C2061: 구문 오류: 식별자 'reference'
C:\Program Files\Microsoft Visual Studio\2022\Community\VC\Tools\MSVC\14.33.31629\include\stack(26,38): error C2825: '_Container': '::'가 뒤에 나오면 클래스 또는 네임스페이스여야 합니다.
C:\Program Files\Microsoft Visual Studio\2022\Community\VC\Tools\MSVC\14.33.31629\include\stack(26,50): error C2510: '_Container': '::' 왼쪽은 클래스/구조체/공용 구조체이어야 합니다.
C:\Program Files\Microsoft Visual Studio\2022\Community\VC\Tools\MSVC\14.33.31629\include\stack(26,1): error C2061: 구문 오류: 식별자 'const_reference'
C:\Program Files\Microsoft Visual Studio\2022\Community\VC\Tools\MSVC\14.33.31629\include\stack(27,38): error C2825: '_Container': '::'가 뒤에 나오면 클래스 또는 네임스페이스여야 합니다.
C:\Program Files\Microsoft Visual Studio\2022\Community\VC\Tools\MSVC\14.33.31629\include\stack(27,50): error C2510: '_Container': '::' 왼쪽은 클래스/구조체/공용 구조체이어야 합니다.
C:\Program Files\Microsoft Visual Studio\2022\Community\VC\Tools\MSVC\14.33.31629\include\stack(27,1): error C2061: 구문 오류: 식별자 'size_type'
C:\Program Files\Microsoft Visual Studio\2022\Community\VC\Tools\MSVC\14.33.31629\include\stack(30,34): error C2065: 'value_type': 선언되지 않은 식별자입니다.
C:\Program Files\Microsoft Visual Studio\2022\Community\VC\Tools\MSVC\14.33.31629\include\stack(30,19): error C2923: 'std::is_same_v': 'value_type'은(는) '<unnamed-symbol>' 매개 변수에 대한 올바른 템플릿 형식 인수가 아닙니다.
C:\Program Files\Microsoft Visual Studio\2022\Community\VC\Tools\MSVC\14.33.31629\include\stack(30): message : 'value_type' 선언을 참조하십시오.
C:\Program Files\Microsoft Visual Studio\2022\Community\VC\Tools\MSVC\14.33.31629\include\stack(30): error C2062: 예기치 않은 'unknown-type' 형식입니다.
C:\Program Files\Microsoft Visual Studio\2022\Community\VC\Tools\MSVC\14.33.31629\include\stack(30,1): error C2238: ';' 앞에 예기치 않은 토큰이 있습니다.
C:\Program Files\Microsoft Visual Studio\2022\Community\VC\Tools\MSVC\14.33.31629\include\stack(77,26): error C3646: 'size': 알 수 없는 재정의 지정자입니다.
C:\Program Files\Microsoft Visual Studio\2022\Community\VC\Tools\MSVC\14.33.31629\include\stack(77,30): error C2059: 구문 오류: '('
C:\Program Files\Microsoft Visual Studio\2022\Community\VC\Tools\MSVC\14.33.31629\include\stack(77,1): error C2334: '{' 앞에 예기치 않은 토큰이 있습니다. 명백한 함수 본문을 건너뜁니다.
C:\Program Files\Microsoft Visual Studio\2022\Community\VC\Tools\MSVC\14.33.31629\include\stack(81,26): error C3646: 'top': 알 수 없는 재정의 지정자입니다.
C:\Program Files\Microsoft Visual Studio\2022\Community\VC\Tools\MSVC\14.33.31629\include\stack(81,29): error C2059: 구문 오류: '('
C:\Program Files\Microsoft Visual Studio\2022\Community\VC\Tools\MSVC\14.33.31629\include\stack(81,1): error C2334: '{' 앞에 예기치 않은 토큰이 있습니다. 명백한 함수 본문을 건너뜁니다.
C:\Program Files\Microsoft Visual Studio\2022\Community\VC\Tools\MSVC\14.33.31629\include\stack(85,32): error C3646: 'top': 알 수 없는 재정의 지정자입니다.
C:\Program Files\Microsoft Visual Studio\2022\Community\VC\Tools\MSVC\14.33.31629\include\stack(85,35): error C2059: 구문 오류: '('
C:\Program Files\Microsoft Visual Studio\2022\Community\VC\Tools\MSVC\14.33.31629\include\stack(85,1): error C2334: '{' 앞에 예기치 않은 토큰이 있습니다. 명백한 함수 본문을 건너뜁니다.
C:\Program Files\Microsoft Visual Studio\2022\Community\VC\Tools\MSVC\14.33.31629\include\stack(89,1): error C4430: 형식 지정자가 없습니다. int로 가정합니다. 참고: C++에서는 기본 int를 지원하지 않습니다.
C:\Program Files\Microsoft Visual Studio\2022\Community\VC\Tools\MSVC\14.33.31629\include\stack(89,31): error C2143: 구문 오류: ','이(가) '&' 앞에 없습니다.
C:\Program Files\Microsoft Visual Studio\2022\Community\VC\Tools\MSVC\14.33.31629\include\stack(93,15): error C2061: 구문 오류: 식별자 'value_type'
C:\Users\shinw\source\repos\baekjoon_C++\baekjoon_C-\baekjoon_github_upload\baekjoon_github_upload\3109_2.cpp(32,27): error C2665: 'std::stack<int,int>::push': 2개의 오버로드 중 모든 인수 형식을 변환할 수 있는 오버로드가 없습니다.
C:\Program Files\Microsoft Visual Studio\2022\Community\VC\Tools\MSVC\14.33.31629\include\stack(89,10): message : 'void std::stack<int,int>::push(const int)'일 수 있습니다.
C:\Users\shinw\source\repos\baekjoon_C++\baekjoon_C-\baekjoon_github_upload\baekjoon_github_upload\3109_2.cpp(32,6): message : 'void std::stack<int,int>::push(const int)': 인수 1을(를) 'std::pair<int,int>'에서 'const int'(으)로 변환할 수 없습니다.
C:\Users\shinw\source\repos\baekjoon_C++\baekjoon_C-\baekjoon_github_upload\baekjoon_github_upload\3109_2.cpp(32,21): message : 이 변환을 수행할 수 있는 사용 가능한 사용자 정의 변환 연산자가 없거나 연산자를 호출할 수 없습니다.
C:\Program Files\Microsoft Visual Studio\2022\Community\VC\Tools\MSVC\14.33.31629\include\stack(89,10): message : 'std::stack<int,int>::push' 선언을 참조하십시오.
C:\Users\shinw\source\repos\baekjoon_C++\baekjoon_C-\baekjoon_github_upload\baekjoon_github_upload\3109_2.cpp(32,27): message : 인수 목록 '(std::pair<int,int>)'을(를) 일치시키는 동안
C:\Users\shinw\source\repos\baekjoon_C++\baekjoon_C-\baekjoon_github_upload\baekjoon_github_upload\3109_2.cpp(67,31): error C2665: 'std::stack<int,int>::push': 2개의 오버로드 중 모든 인수 형식을 변환할 수 있는 오버로드가 없습니다.
C:\Program Files\Microsoft Visual Studio\2022\Community\VC\Tools\MSVC\14.33.31629\include\stack(89,10): message : 'void std::stack<int,int>::push(const int)'일 수 있습니다.
C:\Users\shinw\source\repos\baekjoon_C++\baekjoon_C-\baekjoon_github_upload\baekjoon_github_upload\3109_2.cpp(67,8): message : 'void std::stack<int,int>::push(const int)': 인수 1을(를) 'std::pair<int,int>'에서 'const int'(으)로 변환할 수 없습니다.
C:\Users\shinw\source\repos\baekjoon_C++\baekjoon_C-\baekjoon_github_upload\baekjoon_github_upload\3109_2.cpp(67,23): message : 이 변환을 수행할 수 있는 사용 가능한 사용자 정의 변환 연산자가 없거나 연산자를 호출할 수 없습니다.
C:\Program Files\Microsoft Visual Studio\2022\Community\VC\Tools\MSVC\14.33.31629\include\stack(89,10): message : 'std::stack<int,int>::push' 선언을 참조하십시오.
C:\Users\shinw\source\repos\baekjoon_C++\baekjoon_C-\baekjoon_github_upload\baekjoon_github_upload\3109_2.cpp(67,31): message : 인수 목록 '(std::pair<int,int>)'을(를) 일치시키는 동안
C:\Users\shinw\source\repos\baekjoon_C++\baekjoon_C-\baekjoon_github_upload\baekjoon_github_upload\3109_2.cpp(70,33): error C2665: 'std::stack<int,int>::push': 2개의 오버로드 중 모든 인수 형식을 변환할 수 있는 오버로드가 없습니다.
C:\Program Files\Microsoft Visual Studio\2022\Community\VC\Tools\MSVC\14.33.31629\include\stack(89,10): message : 'void std::stack<int,int>::push(const int)'일 수 있습니다.
C:\Users\shinw\source\repos\baekjoon_C++\baekjoon_C-\baekjoon_github_upload\baekjoon_github_upload\3109_2.cpp(70,10): message : 'void std::stack<int,int>::push(const int)': 인수 1을(를) 'std::pair<int,int>'에서 'const int'(으)로 변환할 수 없습니다.
C:\Users\shinw\source\repos\baekjoon_C++\baekjoon_C-\baekjoon_github_upload\baekjoon_github_upload\3109_2.cpp(70,25): message : 이 변환을 수행할 수 있는 사용 가능한 사용자 정의 변환 연산자가 없거나 연산자를 호출할 수 없습니다.
C:\Program Files\Microsoft Visual Studio\2022\Community\VC\Tools\MSVC\14.33.31629\include\stack(89,10): message : 'std::stack<int,int>::push' 선언을 참조하십시오.
C:\Users\shinw\source\repos\baekjoon_C++\baekjoon_C-\baekjoon_github_upload\baekjoon_github_upload\3109_2.cpp(70,33): message : 인수 목록 '(std::pair<int,int>)'을(를) 일치시키는 동안
C:\Users\shinw\source\repos\baekjoon_C++\baekjoon_C-\baekjoon_github_upload\baekjoon_github_upload\3109_2.cpp(74,25): error C2039: 'top': 'std::stack<int,int>'의 멤버가 아닙니다.
C:\Users\shinw\source\repos\baekjoon_C++\baekjoon_C-\baekjoon_github_upload\baekjoon_github_upload\3109_2.cpp(13): message : 'std::stack<int,int>' 선언을 참조하십시오.
C:\Users\shinw\source\repos\baekjoon_C++\baekjoon_C-\baekjoon_github_upload\baekjoon_github_upload\3109_2.cpp(74,42): error C2039: 'top': 'std::stack<int,int>'의 멤버가 아닙니다.
C:\Users\shinw\source\repos\baekjoon_C++\baekjoon_C-\baekjoon_github_upload\baekjoon_github_upload\3109_2.cpp(13): message : 'std::stack<int,int>' 선언을 참조하십시오.
C:\Users\shinw\source\repos\baekjoon_C++\baekjoon_C-\baekjoon_github_upload\baekjoon_github_upload\3109_2.cpp(74,54): error C2672: 'std::make_pair': 일치하는 오버로드된 함수가 없습니다.
C:\Program Files\Microsoft Visual Studio\2022\Community\VC\Tools\MSVC\14.33.31629\include\utility(513,67): message : 'std::pair<_Unrefwrap_helper<decay<_Ty>::type>::type,_Unrefwrap_helper<decay<_Ty2>::type>::type> std::make_pair(_Ty1 &&,_Ty2 &&) noexcept(<expr>)'일 수 있습니다.
C:\Users\shinw\source\repos\baekjoon_C++\baekjoon_C-\baekjoon_github_upload\baekjoon_github_upload\3109_2.cpp(74,13): message : 'std::pair<_Unrefwrap_helper<decay<_Ty>::type>::type,_Unrefwrap_helper<decay<_Ty2>::type>::type> std::make_pair(_Ty1 &&,_Ty2 &&) noexcept(<expr>)': 인수가 2개 있어야 하는데 1개를 사용했습니다.
C:\Program Files\Microsoft Visual Studio\2022\Community\VC\Tools\MSVC\14.33.31629\include\utility(513): message : 'std::make_pair' 선언을 참조하십시오.
C:\Users\shinw\source\repos\baekjoon_C++\baekjoon_C-\baekjoon_github_upload\baekjoon_github_upload\3109_2.cpp(80,13): error C2039: 'top': 'std::stack<int,int>'의 멤버가 아닙니다.
C:\Users\shinw\source\repos\baekjoon_C++\baekjoon_C-\baekjoon_github_upload\baekjoon_github_upload\3109_2.cpp(13): message : 'std::stack<int,int>' 선언을 참조하십시오.
C:\Users\shinw\source\repos\baekjoon_C++\baekjoon_C-\baekjoon_github_upload\baekjoon_github_upload\3109_2.cpp(81,13): error C2039: 'top': 'std::stack<int,int>'의 멤버가 아닙니다.
C:\Users\shinw\source\repos\baekjoon_C++\baekjoon_C-\baekjoon_github_upload\baekjoon_github_upload\3109_2.cpp(13): message : 'std::stack<int,int>' 선언을 참조하십시오.
C:\Users\shinw\source\repos\baekjoon_C++\baekjoon_C-\baekjoon_github_upload\baekjoon_github_upload\3109_2.cpp(83,29): error C2665: 'std::stack<int,int>::push': 2개의 오버로드 중 모든 인수 형식을 변환할 수 있는 오버로드가 없습니다.
C:\Program Files\Microsoft Visual Studio\2022\Community\VC\Tools\MSVC\14.33.31629\include\stack(89,10): message : 'void std::stack<int,int>::push(const int)'일 수 있습니다.
C:\Users\shinw\source\repos\baekjoon_C++\baekjoon_C-\baekjoon_github_upload\baekjoon_github_upload\3109_2.cpp(83,6): message : 'void std::stack<int,int>::push(const int)': 인수 1을(를) 'std::pair<int,int>'에서 'const int'(으)로 변환할 수 없습니다.
C:\Users\shinw\source\repos\baekjoon_C++\baekjoon_C-\baekjoon_github_upload\baekjoon_github_upload\3109_2.cpp(83,21): message : 이 변환을 수행할 수 있는 사용 가능한 사용자 정의 변환 연산자가 없거나 연산자를 호출할 수 없습니다.
C:\Program Files\Microsoft Visual Studio\2022\Community\VC\Tools\MSVC\14.33.31629\include\stack(89,10): message : 'std::stack<int,int>::push' 선언을 참조하십시오.
C:\Users\shinw\source\repos\baekjoon_C++\baekjoon_C-\baekjoon_github_upload\baekjoon_github_upload\3109_2.cpp(83,29): message : 인수 목록 '(std::pair<int,int>)'을(를) 일치시키는 동안
